mode: atomic
github.com/video-platform/services/auth/cmd/server/main.go:7.13,9.2 1 0
github.com/video-platform/services/auth/internal/usecase/login/login_use_case_impl.go:29.16,36.2 1 5
github.com/video-platform/services/auth/internal/usecase/login/login_use_case_impl.go:38.107,40.16 2 5
github.com/video-platform/services/auth/internal/usecase/login/login_use_case_impl.go:40.16,42.3 1 1
github.com/video-platform/services/auth/internal/usecase/login/login_use_case_impl.go:44.2,44.103 1 4
github.com/video-platform/services/auth/internal/usecase/login/login_use_case_impl.go:44.103,46.3 1 1
github.com/video-platform/services/auth/internal/usecase/login/login_use_case_impl.go:48.2,49.16 2 3
github.com/video-platform/services/auth/internal/usecase/login/login_use_case_impl.go:49.16,51.3 1 1
github.com/video-platform/services/auth/internal/usecase/login/login_use_case_impl.go:53.2,60.70 3 2
github.com/video-platform/services/auth/internal/usecase/login/login_use_case_impl.go:60.70,62.3 1 1
github.com/video-platform/services/auth/internal/usecase/login/login_use_case_impl.go:64.2,71.8 1 1
github.com/video-platform/services/auth/internal/controller/auth_controller_impl.go:25.18,32.2 1 0
github.com/video-platform/services/auth/internal/controller/auth_controller_impl.go:34.124,36.2 1 0
github.com/video-platform/services/auth/internal/controller/auth_controller_impl.go:38.112,40.2 1 0
github.com/video-platform/services/auth/internal/controller/auth_controller_impl.go:42.120,44.2 1 0
github.com/video-platform/services/auth/internal/controller/auth_controller_impl.go:46.92,48.2 1 0
github.com/video-platform/services/auth/internal/app/app.go:27.30,33.44 1 0
github.com/video-platform/services/auth/internal/app/app.go:33.44,35.5 1 0
github.com/video-platform/services/auth/internal/app/app.go:56.83,61.45 4 0
github.com/video-platform/services/auth/internal/app/app.go:61.45,63.3 1 0
github.com/video-platform/services/auth/internal/app/app.go:65.2,65.64 1 0
github.com/video-platform/services/auth/internal/app/app.go:65.64,68.3 2 0
github.com/video-platform/services/auth/internal/app/app.go:71.53,72.71 1 0
github.com/video-platform/services/auth/internal/app/app.go:72.71,77.28 4 0
github.com/video-platform/services/auth/internal/app/app.go:77.28,80.4 2 0
github.com/video-platform/services/auth/internal/app/app.go:82.3,82.23 1 0
github.com/video-platform/services/auth/internal/app/app.go:86.71,88.44 1 0
github.com/video-platform/services/auth/internal/app/app.go:88.44,89.14 1 0
github.com/video-platform/services/auth/internal/app/app.go:89.14,92.56 3 0
github.com/video-platform/services/auth/internal/app/app.go:92.56,94.6 1 0
github.com/video-platform/services/auth/internal/app/app.go:96.4,96.14 1 0
github.com/video-platform/services/auth/internal/app/app.go:98.43,101.4 2 0
github.com/video-platform/services/auth/internal/usecase/logout/logout_use_case_impl.go:14.91,18.2 1 3
github.com/video-platform/services/auth/internal/usecase/logout/logout_use_case_impl.go:20.93,22.2 1 3
github.com/video-platform/services/auth/internal/usecase/refresh/refresh_use_case_impl.go:28.18,35.2 1 4
github.com/video-platform/services/auth/internal/usecase/refresh/refresh_use_case_impl.go:37.113,39.16 2 4
github.com/video-platform/services/auth/internal/usecase/refresh/refresh_use_case_impl.go:39.16,41.3 1 1
github.com/video-platform/services/auth/internal/usecase/refresh/refresh_use_case_impl.go:43.2,43.23 1 3
github.com/video-platform/services/auth/internal/usecase/refresh/refresh_use_case_impl.go:43.23,45.3 1 1
github.com/video-platform/services/auth/internal/usecase/refresh/refresh_use_case_impl.go:47.2,48.16 2 2
github.com/video-platform/services/auth/internal/usecase/refresh/refresh_use_case_impl.go:48.16,50.3 1 1
github.com/video-platform/services/auth/internal/usecase/refresh/refresh_use_case_impl.go:52.2,53.16 2 1
github.com/video-platform/services/auth/internal/usecase/refresh/refresh_use_case_impl.go:53.16,55.3 1 0
github.com/video-platform/services/auth/internal/usecase/refresh/refresh_use_case_impl.go:57.2,57.81 1 1
github.com/video-platform/services/auth/internal/usecase/refresh/refresh_use_case_impl.go:57.81,59.3 1 0
github.com/video-platform/services/auth/internal/usecase/refresh/refresh_use_case_impl.go:61.2,68.73 3 1
github.com/video-platform/services/auth/internal/usecase/refresh/refresh_use_case_impl.go:68.73,70.3 1 0
github.com/video-platform/services/auth/internal/usecase/refresh/refresh_use_case_impl.go:72.2,76.8 1 1
github.com/video-platform/services/auth/internal/infrastructure/api/controller/auth_http_controller.go:23.23,28.2 1 0
github.com/video-platform/services/auth/internal/infrastructure/api/controller/auth_http_controller.go:30.59,35.2 4 0
github.com/video-platform/services/auth/internal/infrastructure/api/controller/auth_http_controller.go:37.79,39.61 2 0
github.com/video-platform/services/auth/internal/infrastructure/api/controller/auth_http_controller.go:39.61,42.3 2 0
github.com/video-platform/services/auth/internal/infrastructure/api/controller/auth_http_controller.go:44.2,51.16 3 0
github.com/video-platform/services/auth/internal/infrastructure/api/controller/auth_http_controller.go:51.16,54.3 2 0
github.com/video-platform/services/auth/internal/infrastructure/api/controller/auth_http_controller.go:56.2,57.34 2 0
github.com/video-platform/services/auth/internal/infrastructure/api/controller/auth_http_controller.go:60.76,62.61 2 0
github.com/video-platform/services/auth/internal/infrastructure/api/controller/auth_http_controller.go:62.61,65.3 2 0
github.com/video-platform/services/auth/internal/infrastructure/api/controller/auth_http_controller.go:67.2,73.16 3 0
github.com/video-platform/services/auth/internal/infrastructure/api/controller/auth_http_controller.go:73.16,76.3 2 0
github.com/video-platform/services/auth/internal/infrastructure/api/controller/auth_http_controller.go:78.2,79.34 2 0
github.com/video-platform/services/auth/internal/infrastructure/api/controller/auth_http_controller.go:82.78,84.61 2 0
github.com/video-platform/services/auth/internal/infrastructure/api/controller/auth_http_controller.go:84.61,87.3 2 0
github.com/video-platform/services/auth/internal/infrastructure/api/controller/auth_http_controller.go:89.2,94.16 3 0
github.com/video-platform/services/auth/internal/infrastructure/api/controller/auth_http_controller.go:94.16,97.3 2 0
github.com/video-platform/services/auth/internal/infrastructure/api/controller/auth_http_controller.go:99.2,100.34 2 0
github.com/video-platform/services/auth/internal/infrastructure/api/controller/auth_http_controller.go:103.77,105.61 2 0
github.com/video-platform/services/auth/internal/infrastructure/api/controller/auth_http_controller.go:105.61,108.3 2 0
github.com/video-platform/services/auth/internal/infrastructure/api/controller/auth_http_controller.go:110.2,114.62 2 0
github.com/video-platform/services/auth/internal/infrastructure/api/controller/auth_http_controller.go:114.62,117.3 2 0
github.com/video-platform/services/auth/internal/infrastructure/api/controller/auth_http_controller.go:119.2,119.81 1 0
github.com/video-platform/services/auth/internal/usecase/register/register_use_case_impl.go:17.79,21.2 1 5
github.com/video-platform/services/auth/internal/usecase/register/register_use_case_impl.go:23.116,25.25 2 5
github.com/video-platform/services/auth/internal/usecase/register/register_use_case_impl.go:25.25,27.3 1 1
github.com/video-platform/services/auth/internal/usecase/register/register_use_case_impl.go:29.2,30.25 2 4
github.com/video-platform/services/auth/internal/usecase/register/register_use_case_impl.go:30.25,32.3 1 1
github.com/video-platform/services/auth/internal/usecase/register/register_use_case_impl.go:34.2,35.16 2 3
github.com/video-platform/services/auth/internal/usecase/register/register_use_case_impl.go:35.16,37.3 1 0
github.com/video-platform/services/auth/internal/usecase/register/register_use_case_impl.go:39.2,45.54 2 3
github.com/video-platform/services/auth/internal/usecase/register/register_use_case_impl.go:45.54,47.3 1 1
github.com/video-platform/services/auth/internal/usecase/register/register_use_case_impl.go:49.2,53.8 1 2
github.com/video-platform/services/auth/internal/domain/entities/refresh_token.go:13.40,15.2 1 0
github.com/video-platform/services/auth/internal/domain/entities/refresh_token.go:17.42,19.2 1 0
github.com/video-platform/services/auth/internal/domain/entities/user.go:14.32,16.2 1 0
github.com/video-platform/services/auth/internal/presenter/auth_presenter_impl.go:12.39,14.2 1 0
github.com/video-platform/services/auth/internal/presenter/auth_presenter_impl.go:16.100,22.2 1 0
github.com/video-platform/services/auth/internal/presenter/auth_presenter_impl.go:24.88,35.2 1 0
github.com/video-platform/services/auth/internal/presenter/auth_presenter_impl.go:37.96,43.2 1 0
