mode: atomic
github.com/video-platform/services/notification/cmd/worker/main.go:7.13,9.2 1 0
github.com/video-platform/services/notification/internal/domain/entities/notification.go:31.40,33.2 1 0
github.com/video-platform/services/notification/internal/infrastructure/messaging/consumer.go:26.127,31.2 1 0
github.com/video-platform/services/notification/internal/infrastructure/messaging/consumer.go:33.66,36.86 2 0
github.com/video-platform/services/notification/internal/infrastructure/messaging/consumer.go:36.86,38.52 2 0
github.com/video-platform/services/notification/internal/infrastructure/messaging/consumer.go:38.52,41.4 2 0
github.com/video-platform/services/notification/internal/infrastructure/messaging/consumer.go:43.3,54.59 3 0
github.com/video-platform/services/notification/internal/infrastructure/messaging/consumer.go:54.59,57.4 2 0
github.com/video-platform/services/notification/internal/infrastructure/messaging/consumer.go:59.3,59.13 1 0
github.com/video-platform/services/notification/internal/infrastructure/persistence/notification_repository_impl.go:16.81,18.2 1 0
github.com/video-platform/services/notification/internal/infrastructure/persistence/notification_repository_impl.go:20.109,22.2 1 0
github.com/video-platform/services/notification/internal/infrastructure/persistence/notification_repository_impl.go:24.86,33.2 2 0
github.com/video-platform/services/notification/internal/infrastructure/persistence/notification_repository_impl.go:35.105,43.2 1 0
github.com/video-platform/services/notification/internal/infrastructure/smtp/smtp_client.go:20.72,28.2 1 0
github.com/video-platform/services/notification/internal/infrastructure/smtp/smtp_client.go:30.64,42.2 4 0
github.com/video-platform/services/notification/internal/controller/notification_controller.go:18.100,22.2 1 0
github.com/video-platform/services/notification/internal/controller/notification_controller.go:24.106,26.2 1 0
github.com/video-platform/services/notification/internal/app/app.go:24.30,30.57 1 0
github.com/video-platform/services/notification/internal/app/app.go:30.57,32.5 1 0
github.com/video-platform/services/notification/internal/app/app.go:34.45,42.5 1 0
github.com/video-platform/services/notification/internal/app/app.go:56.77,60.42 2 0
github.com/video-platform/services/notification/internal/app/app.go:60.42,61.14 1 0
github.com/video-platform/services/notification/internal/app/app.go:61.14,63.47 2 0
github.com/video-platform/services/notification/internal/app/app.go:63.47,65.6 1 0
github.com/video-platform/services/notification/internal/app/app.go:67.4,67.14 1 0
github.com/video-platform/services/notification/internal/app/app.go:69.41,73.4 3 0
github.com/video-platform/services/notification/internal/app/app.go:76.2,79.12 3 0
github.com/video-platform/services/notification/internal/app/app.go:79.12,83.3 3 0
github.com/video-platform/services/notification/internal/usecase/sendemail/send_email_use_case_impl.go:22.20,27.2 1 7
github.com/video-platform/services/notification/internal/usecase/sendemail/send_email_use_case_impl.go:29.99,33.31 3 7
github.com/video-platform/services/notification/internal/usecase/sendemail/send_email_use_case_impl.go:33.31,42.3 2 5
github.com/video-platform/services/notification/internal/usecase/sendemail/send_email_use_case_impl.go:42.8,50.3 2 2
github.com/video-platform/services/notification/internal/usecase/sendemail/send_email_use_case_impl.go:52.2,61.70 2 7
github.com/video-platform/services/notification/internal/usecase/sendemail/send_email_use_case_impl.go:61.70,63.3 1 1
github.com/video-platform/services/notification/internal/usecase/sendemail/send_email_use_case_impl.go:65.2,67.78 2 6
github.com/video-platform/services/notification/internal/usecase/sendemail/send_email_use_case_impl.go:67.78,69.100 2 1
github.com/video-platform/services/notification/internal/usecase/sendemail/send_email_use_case_impl.go:69.100,71.4 1 0
github.com/video-platform/services/notification/internal/usecase/sendemail/send_email_use_case_impl.go:72.3,72.53 1 1
github.com/video-platform/services/notification/internal/usecase/sendemail/send_email_use_case_impl.go:75.2,75.77 1 5
github.com/video-platform/services/notification/internal/usecase/sendemail/send_email_use_case_impl.go:75.77,77.3 1 1
github.com/video-platform/services/notification/internal/usecase/sendemail/send_email_use_case_impl.go:79.2,80.12 2 5
