mode: atomic
github.com/video-platform/services/api-gateway/cmd/server/main.go:7.13,9.2 1 0
github.com/video-platform/services/api-gateway/internal/controller/video_controller_impl.go:25.19,32.2 1 0
github.com/video-platform/services/api-gateway/internal/controller/video_controller_impl.go:34.117,36.2 1 0
github.com/video-platform/services/api-gateway/internal/controller/video_controller_impl.go:38.109,40.2 1 0
github.com/video-platform/services/api-gateway/internal/controller/video_controller_impl.go:42.117,44.2 1 0
github.com/video-platform/services/api-gateway/internal/controller/video_controller_impl.go:46.125,48.2 1 0
github.com/video-platform/services/api-gateway/internal/app/app.go:29.30,35.44 1 0
github.com/video-platform/services/api-gateway/internal/app/app.go:35.44,37.5 1 0
github.com/video-platform/services/api-gateway/internal/app/app.go:39.50,41.5 1 0
github.com/video-platform/services/api-gateway/internal/app/app.go:43.57,45.5 1 0
github.com/video-platform/services/api-gateway/internal/app/app.go:65.111,70.40 4 0
github.com/video-platform/services/api-gateway/internal/app/app.go:70.40,72.3 1 0
github.com/video-platform/services/api-gateway/internal/app/app.go:74.2,74.64 1 0
github.com/video-platform/services/api-gateway/internal/app/app.go:74.64,77.3 2 0
github.com/video-platform/services/api-gateway/internal/app/app.go:80.53,81.71 1 0
github.com/video-platform/services/api-gateway/internal/app/app.go:81.71,86.28 4 0
github.com/video-platform/services/api-gateway/internal/app/app.go:86.28,89.4 2 0
github.com/video-platform/services/api-gateway/internal/app/app.go:91.3,91.23 1 0
github.com/video-platform/services/api-gateway/internal/app/app.go:95.71,97.44 1 0
github.com/video-platform/services/api-gateway/internal/app/app.go:97.44,98.14 1 0
github.com/video-platform/services/api-gateway/internal/app/app.go:98.14,101.56 3 0
github.com/video-platform/services/api-gateway/internal/app/app.go:101.56,103.6 1 0
github.com/video-platform/services/api-gateway/internal/app/app.go:105.4,105.14 1 0
github.com/video-platform/services/api-gateway/internal/app/app.go:107.43,110.4 2 0
github.com/video-platform/services/api-gateway/internal/domain/entities/video.go:34.33,36.2 1 0
github.com/video-platform/services/api-gateway/internal/infrastructure/api/controller/video_http_controller.go:24.24,29.2 1 0
github.com/video-platform/services/api-gateway/internal/infrastructure/api/controller/video_http_controller.go:31.87,36.2 4 0
github.com/video-platform/services/api-gateway/internal/infrastructure/api/controller/video_http_controller.go:38.78,40.9 2 0
github.com/video-platform/services/api-gateway/internal/infrastructure/api/controller/video_http_controller.go:40.9,43.3 2 0
github.com/video-platform/services/api-gateway/internal/infrastructure/api/controller/video_http_controller.go:45.2,45.56 1 0
github.com/video-platform/services/api-gateway/internal/infrastructure/api/controller/video_http_controller.go:45.56,48.3 2 0
github.com/video-platform/services/api-gateway/internal/infrastructure/api/controller/video_http_controller.go:50.2,51.16 2 0
github.com/video-platform/services/api-gateway/internal/infrastructure/api/controller/video_http_controller.go:51.16,54.3 2 0
github.com/video-platform/services/api-gateway/internal/infrastructure/api/controller/video_http_controller.go:55.2,66.16 4 0
github.com/video-platform/services/api-gateway/internal/infrastructure/api/controller/video_http_controller.go:66.16,69.3 2 0
github.com/video-platform/services/api-gateway/internal/infrastructure/api/controller/video_http_controller.go:71.2,72.34 2 0
github.com/video-platform/services/api-gateway/internal/infrastructure/api/controller/video_http_controller.go:75.76,77.9 2 0
github.com/video-platform/services/api-gateway/internal/infrastructure/api/controller/video_http_controller.go:77.9,80.3 2 0
github.com/video-platform/services/api-gateway/internal/infrastructure/api/controller/video_http_controller.go:82.2,83.31 2 0
github.com/video-platform/services/api-gateway/internal/infrastructure/api/controller/video_http_controller.go:83.31,85.3 1 0
github.com/video-platform/services/api-gateway/internal/infrastructure/api/controller/video_http_controller.go:87.2,88.16 2 0
github.com/video-platform/services/api-gateway/internal/infrastructure/api/controller/video_http_controller.go:88.16,90.3 1 0
github.com/video-platform/services/api-gateway/internal/infrastructure/api/controller/video_http_controller.go:92.2,99.16 3 0
github.com/video-platform/services/api-gateway/internal/infrastructure/api/controller/video_http_controller.go:99.16,102.3 2 0
github.com/video-platform/services/api-gateway/internal/infrastructure/api/controller/video_http_controller.go:104.2,105.34 2 0
github.com/video-platform/services/api-gateway/internal/infrastructure/api/controller/video_http_controller.go:108.78,110.9 2 0
github.com/video-platform/services/api-gateway/internal/infrastructure/api/controller/video_http_controller.go:110.9,113.3 2 0
github.com/video-platform/services/api-gateway/internal/infrastructure/api/controller/video_http_controller.go:115.2,117.16 3 0
github.com/video-platform/services/api-gateway/internal/infrastructure/api/controller/video_http_controller.go:117.16,120.3 2 0
github.com/video-platform/services/api-gateway/internal/infrastructure/api/controller/video_http_controller.go:122.2,128.16 3 0
github.com/video-platform/services/api-gateway/internal/infrastructure/api/controller/video_http_controller.go:128.16,131.3 2 0
github.com/video-platform/services/api-gateway/internal/infrastructure/api/controller/video_http_controller.go:133.2,134.34 2 0
github.com/video-platform/services/api-gateway/internal/infrastructure/api/controller/video_http_controller.go:137.80,139.9 2 0
github.com/video-platform/services/api-gateway/internal/infrastructure/api/controller/video_http_controller.go:139.9,142.3 2 0
github.com/video-platform/services/api-gateway/internal/infrastructure/api/controller/video_http_controller.go:144.2,146.16 3 0
github.com/video-platform/services/api-gateway/internal/infrastructure/api/controller/video_http_controller.go:146.16,149.3 2 0
github.com/video-platform/services/api-gateway/internal/infrastructure/api/controller/video_http_controller.go:151.2,157.16 3 0
github.com/video-platform/services/api-gateway/internal/infrastructure/api/controller/video_http_controller.go:157.16,160.3 2 0
github.com/video-platform/services/api-gateway/internal/infrastructure/api/controller/video_http_controller.go:162.2,163.34 2 0
github.com/video-platform/services/api-gateway/internal/presenter/video_presenter_impl.go:13.41,15.2 1 0
github.com/video-platform/services/api-gateway/internal/presenter/video_presenter_impl.go:17.93,23.2 1 0
github.com/video-platform/services/api-gateway/internal/presenter/video_presenter_impl.go:25.85,27.34 2 0
github.com/video-platform/services/api-gateway/internal/presenter/video_presenter_impl.go:27.34,36.3 1 0
github.com/video-platform/services/api-gateway/internal/presenter/video_presenter_impl.go:38.2,44.3 1 0
github.com/video-platform/services/api-gateway/internal/presenter/video_presenter_impl.go:47.93,58.2 1 0
github.com/video-platform/services/api-gateway/internal/presenter/video_presenter_impl.go:60.101,66.2 1 0
github.com/video-platform/services/api-gateway/internal/usecase/status/status_use_case_impl.go:15.77,19.2 1 5
github.com/video-platform/services/api-gateway/internal/usecase/status/status_use_case_impl.go:21.110,23.16 2 5
github.com/video-platform/services/api-gateway/internal/usecase/status/status_use_case_impl.go:23.16,25.3 1 1
github.com/video-platform/services/api-gateway/internal/usecase/status/status_use_case_impl.go:27.2,27.32 1 4
github.com/video-platform/services/api-gateway/internal/usecase/status/status_use_case_impl.go:27.32,29.3 1 1
github.com/video-platform/services/api-gateway/internal/usecase/status/status_use_case_impl.go:31.2,40.8 1 3
github.com/video-platform/services/api-gateway/internal/usecase/upload/upload_use_case_impl.go:42.17,48.2 1 12
github.com/video-platform/services/api-gateway/internal/usecase/upload/upload_use_case_impl.go:50.110,51.45 1 12
github.com/video-platform/services/api-gateway/internal/usecase/upload/upload_use_case_impl.go:51.45,53.3 1 2
github.com/video-platform/services/api-gateway/internal/usecase/upload/upload_use_case_impl.go:55.2,58.75 3 10
github.com/video-platform/services/api-gateway/internal/usecase/upload/upload_use_case_impl.go:58.75,60.3 1 1
github.com/video-platform/services/api-gateway/internal/usecase/upload/upload_use_case_impl.go:62.2,73.56 2 9
github.com/video-platform/services/api-gateway/internal/usecase/upload/upload_use_case_impl.go:73.56,75.3 1 1
github.com/video-platform/services/api-gateway/internal/usecase/upload/upload_use_case_impl.go:77.2,84.88 2 8
github.com/video-platform/services/api-gateway/internal/usecase/upload/upload_use_case_impl.go:84.88,86.3 1 1
github.com/video-platform/services/api-gateway/internal/usecase/upload/upload_use_case_impl.go:88.2,92.8 1 7
github.com/video-platform/services/api-gateway/internal/usecase/upload/upload_use_case_impl.go:95.77,96.32 1 12
github.com/video-platform/services/api-gateway/internal/usecase/upload/upload_use_case_impl.go:96.32,98.3 1 1
github.com/video-platform/services/api-gateway/internal/usecase/upload/upload_use_case_impl.go:100.2,101.29 2 11
github.com/video-platform/services/api-gateway/internal/usecase/upload/upload_use_case_impl.go:101.29,103.3 1 1
github.com/video-platform/services/api-gateway/internal/usecase/upload/upload_use_case_impl.go:105.2,105.12 1 10
github.com/video-platform/services/api-gateway/internal/usecase/list/list_use_case_impl.go:14.73,18.2 1 5
github.com/video-platform/services/api-gateway/internal/usecase/list/list_use_case_impl.go:20.104,22.16 2 5
github.com/video-platform/services/api-gateway/internal/usecase/list/list_use_case_impl.go:22.16,24.3 1 1
github.com/video-platform/services/api-gateway/internal/usecase/list/list_use_case_impl.go:26.2,27.16 2 4
github.com/video-platform/services/api-gateway/internal/usecase/list/list_use_case_impl.go:27.16,29.3 1 1
github.com/video-platform/services/api-gateway/internal/usecase/list/list_use_case_impl.go:31.2,32.27 2 3
github.com/video-platform/services/api-gateway/internal/usecase/list/list_use_case_impl.go:32.27,41.3 1 4
github.com/video-platform/services/api-gateway/internal/usecase/list/list_use_case_impl.go:43.2,49.8 1 3
github.com/video-platform/services/api-gateway/internal/usecase/download/download_use_case_impl.go:24.19,29.2 1 6
github.com/video-platform/services/api-gateway/internal/usecase/download/download_use_case_impl.go:31.116,33.16 2 6
github.com/video-platform/services/api-gateway/internal/usecase/download/download_use_case_impl.go:33.16,35.3 1 1
github.com/video-platform/services/api-gateway/internal/usecase/download/download_use_case_impl.go:37.2,37.32 1 5
github.com/video-platform/services/api-gateway/internal/usecase/download/download_use_case_impl.go:37.32,39.3 1 1
github.com/video-platform/services/api-gateway/internal/usecase/download/download_use_case_impl.go:41.2,41.46 1 4
github.com/video-platform/services/api-gateway/internal/usecase/download/download_use_case_impl.go:41.46,43.3 1 1
github.com/video-platform/services/api-gateway/internal/usecase/download/download_use_case_impl.go:45.2,45.26 1 3
github.com/video-platform/services/api-gateway/internal/usecase/download/download_use_case_impl.go:45.26,47.3 1 1
github.com/video-platform/services/api-gateway/internal/usecase/download/download_use_case_impl.go:49.2,50.16 2 2
github.com/video-platform/services/api-gateway/internal/usecase/download/download_use_case_impl.go:50.16,52.3 1 1
github.com/video-platform/services/api-gateway/internal/usecase/download/download_use_case_impl.go:54.2,58.8 1 1
