mode: atomic
github.com/video-platform/services/processing-worker/cmd/cleanup/main.go:19.13,24.16 4 0
github.com/video-platform/services/processing-worker/cmd/cleanup/main.go:24.16,26.3 1 0
github.com/video-platform/services/processing-worker/cmd/cleanup/main.go:28.2,31.16 3 0
github.com/video-platform/services/processing-worker/cmd/cleanup/main.go:31.16,33.3 1 0
github.com/video-platform/services/processing-worker/cmd/cleanup/main.go:35.2,41.16 2 0
github.com/video-platform/services/processing-worker/cmd/cleanup/main.go:41.16,43.3 1 0
github.com/video-platform/services/processing-worker/cmd/cleanup/main.go:45.2,55.16 7 0
github.com/video-platform/services/processing-worker/cmd/cleanup/main.go:55.16,59.3 3 0
github.com/video-platform/services/processing-worker/cmd/cleanup/main.go:61.2,69.30 2 0
github.com/video-platform/services/processing-worker/cmd/cleanup/main.go:69.30,71.3 1 0
github.com/video-platform/services/processing-worker/cmd/cleanup/main.go:74.169,76.19 2 0
github.com/video-platform/services/processing-worker/cmd/cleanup/main.go:76.19,79.3 2 0
github.com/video-platform/services/processing-worker/cmd/cleanup/main.go:80.2,83.25 3 0
github.com/video-platform/services/processing-worker/cmd/cleanup/main.go:83.25,96.3 2 0
github.com/video-platform/services/processing-worker/cmd/cleanup/main.go:96.8,111.3 2 0
github.com/video-platform/services/processing-worker/cmd/cleanup/main.go:113.2,120.83 2 0
github.com/video-platform/services/processing-worker/cmd/cleanup/main.go:120.83,122.3 1 0
github.com/video-platform/services/processing-worker/cmd/cleanup/main.go:122.8,124.3 1 0
github.com/video-platform/services/processing-worker/cmd/worker/main.go:7.13,9.2 1 0
github.com/video-platform/services/processing-worker/internal/app/app.go:24.30,30.50 1 0
github.com/video-platform/services/processing-worker/internal/app/app.go:30.50,32.5 1 0
github.com/video-platform/services/processing-worker/internal/app/app.go:34.57,36.5 1 0
github.com/video-platform/services/processing-worker/internal/app/app.go:38.57,40.5 1 0
github.com/video-platform/services/processing-worker/internal/app/app.go:52.29,54.5 1 0
github.com/video-platform/services/processing-worker/internal/app/app.go:64.70,68.42 2 0
github.com/video-platform/services/processing-worker/internal/app/app.go:68.42,69.14 1 0
github.com/video-platform/services/processing-worker/internal/app/app.go:69.14,71.47 2 0
github.com/video-platform/services/processing-worker/internal/app/app.go:71.47,73.6 1 0
github.com/video-platform/services/processing-worker/internal/app/app.go:75.4,75.14 1 0
github.com/video-platform/services/processing-worker/internal/app/app.go:77.41,81.4 3 0
github.com/video-platform/services/processing-worker/internal/app/app.go:84.2,87.12 3 0
github.com/video-platform/services/processing-worker/internal/app/app.go:87.12,91.3 3 0
github.com/video-platform/services/processing-worker/internal/infrastructure/ffmpeg/ffmpeg_service.go:18.39,20.2 1 0
github.com/video-platform/services/processing-worker/internal/infrastructure/ffmpeg/ffmpeg_service.go:22.111,33.16 4 0
github.com/video-platform/services/processing-worker/internal/infrastructure/ffmpeg/ffmpeg_service.go:33.16,35.3 1 0
github.com/video-platform/services/processing-worker/internal/infrastructure/ffmpeg/ffmpeg_service.go:37.2,38.16 2 0
github.com/video-platform/services/processing-worker/internal/infrastructure/ffmpeg/ffmpeg_service.go:38.16,40.3 1 0
github.com/video-platform/services/processing-worker/internal/infrastructure/ffmpeg/ffmpeg_service.go:42.2,43.29 2 0
github.com/video-platform/services/processing-worker/internal/infrastructure/ffmpeg/ffmpeg_service.go:43.29,44.20 1 0
github.com/video-platform/services/processing-worker/internal/infrastructure/ffmpeg/ffmpeg_service.go:44.20,46.4 1 0
github.com/video-platform/services/processing-worker/internal/infrastructure/ffmpeg/ffmpeg_service.go:49.2,49.24 1 0
github.com/video-platform/services/processing-worker/internal/infrastructure/ffmpeg/ffmpeg_service.go:52.79,61.16 3 0
github.com/video-platform/services/processing-worker/internal/infrastructure/ffmpeg/ffmpeg_service.go:61.16,63.3 1 0
github.com/video-platform/services/processing-worker/internal/infrastructure/ffmpeg/ffmpeg_service.go:65.2,66.16 2 0
github.com/video-platform/services/processing-worker/internal/infrastructure/ffmpeg/ffmpeg_service.go:66.16,68.3 1 0
github.com/video-platform/services/processing-worker/internal/infrastructure/ffmpeg/ffmpeg_service.go:70.2,70.22 1 0
github.com/video-platform/services/processing-worker/internal/infrastructure/persistence/video_repository_impl.go:18.67,20.2 1 0
github.com/video-platform/services/processing-worker/internal/infrastructure/persistence/video_repository_impl.go:22.100,25.16 3 0
github.com/video-platform/services/processing-worker/internal/infrastructure/persistence/video_repository_impl.go:25.16,26.45 1 0
github.com/video-platform/services/processing-worker/internal/infrastructure/persistence/video_repository_impl.go:26.45,28.4 1 0
github.com/video-platform/services/processing-worker/internal/infrastructure/persistence/video_repository_impl.go:29.3,29.18 1 0
github.com/video-platform/services/processing-worker/internal/infrastructure/persistence/video_repository_impl.go:31.2,31.20 1 0
github.com/video-platform/services/processing-worker/internal/infrastructure/persistence/video_repository_impl.go:34.132,39.21 2 0
github.com/video-platform/services/processing-worker/internal/infrastructure/persistence/video_repository_impl.go:39.21,41.3 1 0
github.com/video-platform/services/processing-worker/internal/infrastructure/persistence/video_repository_impl.go:43.2,46.25 1 0
github.com/video-platform/services/processing-worker/internal/infrastructure/persistence/video_repository_impl.go:49.129,60.2 2 0
github.com/video-platform/services/processing-worker/internal/infrastructure/persistence/video_repository_impl.go:62.86,68.2 2 0
github.com/video-platform/services/processing-worker/internal/controller/worker_controller.go:18.82,22.2 1 0
github.com/video-platform/services/processing-worker/internal/controller/worker_controller.go:24.101,26.2 1 0
github.com/video-platform/services/processing-worker/internal/domain/entities/video.go:34.33,36.2 1 0
github.com/video-platform/services/processing-worker/internal/infrastructure/messaging/consumer.go:26.107,31.2 1 0
github.com/video-platform/services/processing-worker/internal/infrastructure/messaging/consumer.go:33.59,36.84 2 0
github.com/video-platform/services/processing-worker/internal/infrastructure/messaging/consumer.go:36.84,38.52 2 0
github.com/video-platform/services/processing-worker/internal/infrastructure/messaging/consumer.go:38.52,41.4 2 0
github.com/video-platform/services/processing-worker/internal/infrastructure/messaging/consumer.go:43.3,44.17 2 0
github.com/video-platform/services/processing-worker/internal/infrastructure/messaging/consumer.go:44.17,47.4 2 0
github.com/video-platform/services/processing-worker/internal/infrastructure/messaging/consumer.go:49.3,58.62 3 0
github.com/video-platform/services/processing-worker/internal/infrastructure/messaging/consumer.go:58.62,61.4 2 0
github.com/video-platform/services/processing-worker/internal/infrastructure/messaging/consumer.go:63.3,63.13 1 0
github.com/video-platform/services/processing-worker/internal/usecase/cleanup/cleanup_use_case_impl.go:28.18,35.2 1 0
github.com/video-platform/services/processing-worker/internal/usecase/cleanup/cleanup_use_case_impl.go:37.97,44.16 4 0
github.com/video-platform/services/processing-worker/internal/usecase/cleanup/cleanup_use_case_impl.go:44.16,46.3 1 0
github.com/video-platform/services/processing-worker/internal/usecase/cleanup/cleanup_use_case_impl.go:48.2,50.38 2 0
github.com/video-platform/services/processing-worker/internal/usecase/cleanup/cleanup_use_case_impl.go:50.38,51.62 1 0
github.com/video-platform/services/processing-worker/internal/usecase/cleanup/cleanup_use_case_impl.go:51.62,53.12 2 0
github.com/video-platform/services/processing-worker/internal/usecase/cleanup/cleanup_use_case_impl.go:57.2,57.20 1 0
github.com/video-platform/services/processing-worker/internal/usecase/cleanup/cleanup_use_case_impl.go:60.117,63.16 2 2
github.com/video-platform/services/processing-worker/internal/usecase/cleanup/cleanup_use_case_impl.go:63.16,64.39 1 1
github.com/video-platform/services/processing-worker/internal/usecase/cleanup/cleanup_use_case_impl.go:64.39,65.22 1 1
github.com/video-platform/services/processing-worker/internal/usecase/cleanup/cleanup_use_case_impl.go:65.22,66.13 1 0
github.com/video-platform/services/processing-worker/internal/usecase/cleanup/cleanup_use_case_impl.go:69.4,71.72 2 1
github.com/video-platform/services/processing-worker/internal/usecase/cleanup/cleanup_use_case_impl.go:71.72,73.5 1 1
github.com/video-platform/services/processing-worker/internal/usecase/cleanup/cleanup_use_case_impl.go:75.4,75.40 1 0
github.com/video-platform/services/processing-worker/internal/usecase/cleanup/cleanup_use_case_impl.go:78.3,78.68 1 0
github.com/video-platform/services/processing-worker/internal/usecase/cleanup/cleanup_use_case_impl.go:78.68,80.4 1 0
github.com/video-platform/services/processing-worker/internal/usecase/cleanup/cleanup_use_case_impl.go:82.3,83.66 2 0
github.com/video-platform/services/processing-worker/internal/usecase/cleanup/cleanup_use_case_impl.go:84.8,86.34 2 1
github.com/video-platform/services/processing-worker/internal/usecase/cleanup/cleanup_use_case_impl.go:86.34,88.4 1 2
github.com/video-platform/services/processing-worker/internal/usecase/cleanup/cleanup_use_case_impl.go:89.3,92.4 1 1
github.com/video-platform/services/processing-worker/internal/usecase/cleanup/cleanup_use_case_impl.go:95.2,95.12 1 1
github.com/video-platform/services/processing-worker/internal/usecase/cleanup/cleanup_use_case_impl.go:98.91,104.30 4 8
github.com/video-platform/services/processing-worker/internal/usecase/cleanup/cleanup_use_case_impl.go:104.30,107.3 2 7
github.com/video-platform/services/processing-worker/internal/usecase/cleanup/cleanup_use_case_impl.go:109.2,109.50 1 8
github.com/video-platform/services/processing-worker/internal/usecase/cleanup/cleanup_use_case_impl.go:109.50,115.3 4 6
github.com/video-platform/services/processing-worker/internal/usecase/cleanup/cleanup_use_case_impl.go:117.2,117.16 1 8
github.com/video-platform/services/processing-worker/internal/usecase/process/process_use_case_impl.go:33.18,41.2 1 7
github.com/video-platform/services/processing-worker/internal/usecase/process/process_use_case_impl.go:43.95,46.69 2 7
github.com/video-platform/services/processing-worker/internal/usecase/process/process_use_case_impl.go:46.69,48.3 1 1
github.com/video-platform/services/processing-worker/internal/usecase/process/process_use_case_impl.go:50.2,50.100 1 6
github.com/video-platform/services/processing-worker/internal/usecase/process/process_use_case_impl.go:50.100,52.3 1 1
github.com/video-platform/services/processing-worker/internal/usecase/process/process_use_case_impl.go:54.2,55.16 2 5
github.com/video-platform/services/processing-worker/internal/usecase/process/process_use_case_impl.go:55.16,57.3 1 0
github.com/video-platform/services/processing-worker/internal/usecase/process/process_use_case_impl.go:58.2,62.53 4 5
github.com/video-platform/services/processing-worker/internal/usecase/process/process_use_case_impl.go:62.53,64.3 1 0
github.com/video-platform/services/processing-worker/internal/usecase/process/process_use_case_impl.go:66.2,68.16 3 5
github.com/video-platform/services/processing-worker/internal/usecase/process/process_use_case_impl.go:68.16,70.3 1 0
github.com/video-platform/services/processing-worker/internal/usecase/process/process_use_case_impl.go:72.2,73.16 2 5
github.com/video-platform/services/processing-worker/internal/usecase/process/process_use_case_impl.go:73.16,76.3 2 1
github.com/video-platform/services/processing-worker/internal/usecase/process/process_use_case_impl.go:77.2,79.59 2 4
github.com/video-platform/services/processing-worker/internal/usecase/process/process_use_case_impl.go:79.59,82.3 2 0
github.com/video-platform/services/processing-worker/internal/usecase/process/process_use_case_impl.go:83.2,87.16 4 4
github.com/video-platform/services/processing-worker/internal/usecase/process/process_use_case_impl.go:87.16,89.3 1 1
github.com/video-platform/services/processing-worker/internal/usecase/process/process_use_case_impl.go:91.2,95.66 4 3
github.com/video-platform/services/processing-worker/internal/usecase/process/process_use_case_impl.go:95.66,97.3 1 0
github.com/video-platform/services/processing-worker/internal/usecase/process/process_use_case_impl.go:99.2,101.101 2 3
github.com/video-platform/services/processing-worker/internal/usecase/process/process_use_case_impl.go:101.101,103.3 1 1
github.com/video-platform/services/processing-worker/internal/usecase/process/process_use_case_impl.go:105.2,112.95 2 2
github.com/video-platform/services/processing-worker/internal/usecase/process/process_use_case_impl.go:112.95,114.3 1 1
github.com/video-platform/services/processing-worker/internal/usecase/process/process_use_case_impl.go:116.2,117.12 2 2
github.com/video-platform/services/processing-worker/internal/usecase/process/process_use_case_impl.go:120.99,122.16 2 3
github.com/video-platform/services/processing-worker/internal/usecase/process/process_use_case_impl.go:122.16,124.3 1 0
github.com/video-platform/services/processing-worker/internal/usecase/process/process_use_case_impl.go:126.2,126.29 1 3
github.com/video-platform/services/processing-worker/internal/usecase/process/process_use_case_impl.go:126.29,127.19 1 0
github.com/video-platform/services/processing-worker/internal/usecase/process/process_use_case_impl.go:127.19,128.12 1 0
github.com/video-platform/services/processing-worker/internal/usecase/process/process_use_case_impl.go:131.3,133.17 3 0
github.com/video-platform/services/processing-worker/internal/usecase/process/process_use_case_impl.go:133.17,135.4 1 0
github.com/video-platform/services/processing-worker/internal/usecase/process/process_use_case_impl.go:137.3,138.87 2 0
github.com/video-platform/services/processing-worker/internal/usecase/process/process_use_case_impl.go:138.87,141.4 2 0
github.com/video-platform/services/processing-worker/internal/usecase/process/process_use_case_impl.go:142.3,142.20 1 0
github.com/video-platform/services/processing-worker/internal/usecase/process/process_use_case_impl.go:145.2,145.12 1 3
github.com/video-platform/services/processing-worker/internal/usecase/process/process_use_case_impl.go:148.100,152.108 3 3
github.com/video-platform/services/processing-worker/internal/usecase/process/process_use_case_impl.go:152.108,154.3 1 0
github.com/video-platform/services/processing-worker/internal/usecase/process/process_use_case_impl.go:156.2,162.101 2 3
github.com/video-platform/services/processing-worker/internal/usecase/process/process_use_case_impl.go:162.101,164.3 1 0
github.com/video-platform/services/processing-worker/internal/usecase/process/process_use_case_impl.go:166.2,166.12 1 3
