mode: atomic
github.com/video-platform/services/storage/internal/controller/storage_controller.go:18.90,22.2 1 0
github.com/video-platform/services/storage/internal/controller/storage_controller.go:24.131,26.2 1 0
github.com/video-platform/services/storage/cmd/server/main.go:7.13,9.2 1 0
github.com/video-platform/services/storage/internal/infrastructure/api/storage_http_controller.go:23.95,27.2 1 0
github.com/video-platform/services/storage/internal/infrastructure/api/storage_http_controller.go:29.62,31.2 1 0
github.com/video-platform/services/storage/internal/infrastructure/api/storage_http_controller.go:33.83,35.61 2 0
github.com/video-platform/services/storage/internal/infrastructure/api/storage_http_controller.go:35.61,38.3 2 0
github.com/video-platform/services/storage/internal/infrastructure/api/storage_http_controller.go:40.2,47.16 3 0
github.com/video-platform/services/storage/internal/infrastructure/api/storage_http_controller.go:47.16,50.3 2 0
github.com/video-platform/services/storage/internal/infrastructure/api/storage_http_controller.go:52.2,52.32 1 0
github.com/video-platform/services/storage/internal/app/app.go:20.30,25.50 1 0
github.com/video-platform/services/storage/internal/app/app.go:25.50,27.5 1 0
github.com/video-platform/services/storage/internal/app/app.go:40.76,46.64 4 0
github.com/video-platform/services/storage/internal/app/app.go:46.64,49.3 2 0
github.com/video-platform/services/storage/internal/app/app.go:52.71,54.44 1 0
github.com/video-platform/services/storage/internal/app/app.go:54.44,55.14 1 0
github.com/video-platform/services/storage/internal/app/app.go:55.14,58.56 3 0
github.com/video-platform/services/storage/internal/app/app.go:58.56,60.6 1 0
github.com/video-platform/services/storage/internal/app/app.go:62.4,62.14 1 0
github.com/video-platform/services/storage/internal/app/app.go:64.43,67.4 2 0
github.com/video-platform/services/storage/internal/usecase/createzip/create_zip_use_case_impl.go:20.65,24.2 1 6
github.com/video-platform/services/storage/internal/usecase/createzip/create_zip_use_case_impl.go:26.119,30.16 3 6
github.com/video-platform/services/storage/internal/usecase/createzip/create_zip_use_case_impl.go:30.16,32.3 1 1
github.com/video-platform/services/storage/internal/usecase/createzip/create_zip_use_case_impl.go:34.2,34.21 1 5
github.com/video-platform/services/storage/internal/usecase/createzip/create_zip_use_case_impl.go:34.21,36.3 1 1
github.com/video-platform/services/storage/internal/usecase/createzip/create_zip_use_case_impl.go:38.2,43.32 4 4
github.com/video-platform/services/storage/internal/usecase/createzip/create_zip_use_case_impl.go:43.32,45.17 2 15
github.com/video-platform/services/storage/internal/usecase/createzip/create_zip_use_case_impl.go:45.17,48.4 2 1
github.com/video-platform/services/storage/internal/usecase/createzip/create_zip_use_case_impl.go:50.3,52.17 3 14
github.com/video-platform/services/storage/internal/usecase/createzip/create_zip_use_case_impl.go:52.17,56.4 3 0
github.com/video-platform/services/storage/internal/usecase/createzip/create_zip_use_case_impl.go:58.3,58.52 1 14
github.com/video-platform/services/storage/internal/usecase/createzip/create_zip_use_case_impl.go:58.52,62.4 3 0
github.com/video-platform/services/storage/internal/usecase/createzip/create_zip_use_case_impl.go:63.3,63.17 1 14
github.com/video-platform/services/storage/internal/usecase/createzip/create_zip_use_case_impl.go:66.2,66.42 1 3
github.com/video-platform/services/storage/internal/usecase/createzip/create_zip_use_case_impl.go:66.42,68.3 1 0
github.com/video-platform/services/storage/internal/usecase/createzip/create_zip_use_case_impl.go:70.2,75.94 4 3
github.com/video-platform/services/storage/internal/usecase/createzip/create_zip_use_case_impl.go:75.94,77.3 1 1
github.com/video-platform/services/storage/internal/usecase/createzip/create_zip_use_case_impl.go:79.2,85.8 2 2
